<?xml version="1.0" encoding="UTF-8"?>
<coverage generated="1764675485">
  <project timestamp="1764675485" name="Clover Coverage">
    <package name="App\Auth\Application\Command">
      <file name="/home/runner/work/my-lego-collection/my-lego-collection/back/src/Auth/Application/Command/ChangeEmailCommand.php">
        <class name="App\Auth\Application\Command\ChangeEmailCommand" namespace="App\Auth\Application\Command">
          <metrics complexity="1" methods="1" coveredmethods="0" conditionals="0" coveredconditionals="0" statements="1" coveredstatements="0" elements="2" coveredelements="0"/>
        </class>
        <line num="7" type="method" name="__construct" visibility="public" complexity="1" crap="2" count="0"/>
        <line num="11" type="stmt" count="0"/>
        <metrics loc="13" ncloc="13" classes="1" methods="1" coveredmethods="0" conditionals="0" coveredconditionals="0" statements="1" coveredstatements="0" elements="2" coveredelements="0"/>
      </file>
      <file name="/home/runner/work/my-lego-collection/my-lego-collection/back/src/Auth/Application/Command/GetIdentityQuery.php">
        <class name="App\Auth\Application\Command\GetIdentityQuery" namespace="App\Auth\Application\Command">
          <metrics complexity="1" methods="1" coveredmethods="1" conditionals="1" coveredconditionals="1" statements="1" coveredstatements="1" elements="3" coveredelements="3"/>
        </class>
        <line num="7" type="method" name="__construct" visibility="public" complexity="1" crap="1" count="2"/>
        <line num="10" type="stmt" count="2"/>
        <metrics loc="12" ncloc="12" classes="1" methods="1" coveredmethods="1" conditionals="1" coveredconditionals="1" statements="1" coveredstatements="1" elements="3" coveredelements="3"/>
      </file>
      <file name="/home/runner/work/my-lego-collection/my-lego-collection/back/src/Auth/Application/Command/RegistrationCommand.php">
        <class name="App\Auth\Application\Command\RegistrationCommand" namespace="App\Auth\Application\Command">
          <metrics complexity="1" methods="1" coveredmethods="1" conditionals="1" coveredconditionals="1" statements="1" coveredstatements="1" elements="3" coveredelements="3"/>
        </class>
        <line num="7" type="method" name="__construct" visibility="public" complexity="1" crap="1" count="6"/>
        <line num="12" type="stmt" count="6"/>
        <metrics loc="14" ncloc="14" classes="1" methods="1" coveredmethods="1" conditionals="1" coveredconditionals="1" statements="1" coveredstatements="1" elements="3" coveredelements="3"/>
      </file>
    </package>
    <package name="App\Auth\Application\Handler">
      <file name="/home/runner/work/my-lego-collection/my-lego-collection/back/src/Auth/Application/Handler/ChangeEmailHandler.php">
        <class name="App\Auth\Application\Handler\ChangeEmailHandler" namespace="App\Auth\Application\Handler">
          <metrics complexity="2" methods="2" coveredmethods="0" conditionals="0" coveredconditionals="0" statements="4" coveredstatements="0" elements="6" coveredelements="0"/>
        </class>
        <line num="16" type="method" name="__construct" visibility="public" complexity="1" crap="2" count="0"/>
        <line num="21" type="stmt" count="0"/>
        <line num="23" type="method" name="__invoke" visibility="public" complexity="1" crap="2" count="0"/>
        <line num="25" type="stmt" count="0"/>
        <line num="26" type="stmt" count="0"/>
        <line num="27" type="stmt" count="0"/>
        <metrics loc="30" ncloc="30" classes="1" methods="2" coveredmethods="0" conditionals="0" coveredconditionals="0" statements="4" coveredstatements="0" elements="6" coveredelements="0"/>
      </file>
      <file name="/home/runner/work/my-lego-collection/my-lego-collection/back/src/Auth/Application/Handler/GetIdentityHandler.php">
        <class name="App\Auth\Application\Handler\GetIdentityHandler" namespace="App\Auth\Application\Handler">
          <metrics complexity="2" methods="2" coveredmethods="2" conditionals="2" coveredconditionals="2" statements="2" coveredstatements="2" elements="6" coveredelements="6"/>
        </class>
        <line num="12" type="method" name="__construct" visibility="public" complexity="1" crap="1" count="8"/>
        <line num="15" type="stmt" count="8"/>
        <line num="17" type="method" name="__invoke" visibility="public" complexity="1" crap="1" count="1"/>
        <line num="19" type="stmt" count="1"/>
        <metrics loc="22" ncloc="22" classes="1" methods="2" coveredmethods="2" conditionals="2" coveredconditionals="2" statements="2" coveredstatements="2" elements="6" coveredelements="6"/>
      </file>
      <file name="/home/runner/work/my-lego-collection/my-lego-collection/back/src/Auth/Application/Handler/RegistrationHandler.php">
        <class name="App\Auth\Application\Handler\RegistrationHandler" namespace="App\Auth\Application\Handler">
          <metrics complexity="2" methods="2" coveredmethods="2" conditionals="2" coveredconditionals="2" statements="3" coveredstatements="3" elements="7" coveredelements="7"/>
        </class>
        <line num="11" type="method" name="__construct" visibility="public" complexity="1" crap="1" count="9"/>
        <line num="15" type="stmt" count="9"/>
        <line num="17" type="method" name="__invoke" visibility="public" complexity="1" crap="1" count="3"/>
        <line num="19" type="stmt" count="3"/>
        <line num="20" type="stmt" count="3"/>
        <metrics loc="23" ncloc="23" classes="1" methods="2" coveredmethods="2" conditionals="2" coveredconditionals="2" statements="3" coveredstatements="3" elements="7" coveredelements="7"/>
      </file>
      <file name="/home/runner/work/my-lego-collection/my-lego-collection/back/src/Auth/Application/Handler/UserCreatedHandler.php">
        <class name="App\Auth\Application\Handler\UserCreatedHandler" namespace="App\Auth\Application\Handler">
          <metrics complexity="2" methods="2" coveredmethods="2" conditionals="2" coveredconditionals="2" statements="3" coveredstatements="3" elements="7" coveredelements="7"/>
        </class>
        <line num="15" type="method" name="__construct" visibility="public" complexity="1" crap="1" count="3"/>
        <line num="20" type="stmt" count="3"/>
        <line num="22" type="method" name="__invoke" visibility="public" complexity="1" crap="1" count="3"/>
        <line num="24" type="stmt" count="3"/>
        <line num="25" type="stmt" count="3"/>
        <metrics loc="28" ncloc="28" classes="1" methods="2" coveredmethods="2" conditionals="2" coveredconditionals="2" statements="3" coveredstatements="3" elements="7" coveredelements="7"/>
      </file>
    </package>
    <package name="App\Auth\Application\Orchestrator">
      <file name="/home/runner/work/my-lego-collection/my-lego-collection/back/src/Auth/Application/Orchestrator/IdentityCompletedOrchestrator.php">
        <class name="App\Auth\Application\Orchestrator\IdentityCompletedOrchestrator" namespace="App\Auth\Application\Orchestrator">
          <metrics complexity="2" methods="2" coveredmethods="0" conditionals="0" coveredconditionals="0" statements="14" coveredstatements="0" elements="16" coveredelements="0"/>
        </class>
        <line num="17" type="method" name="__construct" visibility="public" complexity="1" crap="2" count="0"/>
        <line num="21" type="stmt" count="0"/>
        <line num="23" type="method" name="__invoke" visibility="public" complexity="1" crap="2" count="0"/>
        <line num="25" type="stmt" count="0"/>
        <line num="26" type="stmt" count="0"/>
        <line num="27" type="stmt" count="0"/>
        <line num="28" type="stmt" count="0"/>
        <line num="29" type="stmt" count="0"/>
        <line num="30" type="stmt" count="0"/>
        <line num="31" type="stmt" count="0"/>
        <line num="33" type="stmt" count="0"/>
        <line num="34" type="stmt" count="0"/>
        <line num="35" type="stmt" count="0"/>
        <line num="36" type="stmt" count="0"/>
        <line num="37" type="stmt" count="0"/>
        <line num="38" type="stmt" count="0"/>
        <metrics loc="42" ncloc="39" classes="1" methods="2" coveredmethods="0" conditionals="0" coveredconditionals="0" statements="14" coveredstatements="0" elements="16" coveredelements="0"/>
      </file>
      <file name="/home/runner/work/my-lego-collection/my-lego-collection/back/src/Auth/Application/Orchestrator/IdentityCreatedOrchestrator.php">
        <class name="App\Auth\Application\Orchestrator\IdentityCreatedOrchestrator" namespace="App\Auth\Application\Orchestrator">
          <metrics complexity="2" methods="2" coveredmethods="2" conditionals="2" coveredconditionals="2" statements="13" coveredstatements="13" elements="17" coveredelements="17"/>
        </class>
        <line num="16" type="method" name="__construct" visibility="public" complexity="1" crap="1" count="3"/>
        <line num="20" type="stmt" count="3"/>
        <line num="22" type="method" name="__invoke" visibility="public" complexity="1" crap="1" count="3"/>
        <line num="25" type="stmt" count="3"/>
        <line num="26" type="stmt" count="3"/>
        <line num="27" type="stmt" count="3"/>
        <line num="28" type="stmt" count="3"/>
        <line num="29" type="stmt" count="3"/>
        <line num="30" type="stmt" count="3"/>
        <line num="33" type="stmt" count="3"/>
        <line num="34" type="stmt" count="3"/>
        <line num="35" type="stmt" count="3"/>
        <line num="36" type="stmt" count="3"/>
        <line num="37" type="stmt" count="3"/>
        <line num="38" type="stmt" count="3"/>
        <metrics loc="42" ncloc="37" classes="1" methods="2" coveredmethods="2" conditionals="2" coveredconditionals="2" statements="13" coveredstatements="13" elements="17" coveredelements="17"/>
      </file>
    </package>
    <package name="App\Auth\Domain\Event">
      <file name="/home/runner/work/my-lego-collection/my-lego-collection/back/src/Auth/Domain/Event/IdentityCompletedEvent.php">
        <class name="App\Auth\Domain\Event\IdentityCompletedEvent" namespace="App\Auth\Domain\Event">
          <metrics complexity="2" methods="2" coveredmethods="1" conditionals="2" coveredconditionals="1" statements="3" coveredstatements="2" elements="7" coveredelements="4"/>
        </class>
        <line num="17" type="method" name="__construct" visibility="public" complexity="1" crap="1" count="4"/>
        <line num="19" type="stmt" count="4"/>
        <line num="20" type="stmt" count="4"/>
        <line num="23" type="method" name="getIdentity" visibility="public" complexity="1" crap="2" count="0"/>
        <line num="25" type="stmt" count="0"/>
        <metrics loc="28" ncloc="25" classes="1" methods="2" coveredmethods="1" conditionals="2" coveredconditionals="1" statements="3" coveredstatements="2" elements="7" coveredelements="4"/>
      </file>
      <file name="/home/runner/work/my-lego-collection/my-lego-collection/back/src/Auth/Domain/Event/IdentityCreatedEvent.php">
        <class name="App\Auth\Domain\Event\IdentityCreatedEvent" namespace="App\Auth\Domain\Event">
          <metrics complexity="2" methods="2" coveredmethods="2" conditionals="2" coveredconditionals="2" statements="3" coveredstatements="3" elements="7" coveredelements="7"/>
        </class>
        <line num="17" type="method" name="__construct" visibility="public" complexity="1" crap="1" count="4"/>
        <line num="19" type="stmt" count="4"/>
        <line num="20" type="stmt" count="4"/>
        <line num="23" type="method" name="getIdentity" visibility="public" complexity="1" crap="1" count="3"/>
        <line num="25" type="stmt" count="3"/>
        <metrics loc="28" ncloc="25" classes="1" methods="2" coveredmethods="2" conditionals="2" coveredconditionals="2" statements="3" coveredstatements="3" elements="7" coveredelements="7"/>
      </file>
    </package>
    <package name="App\Auth\Domain\Exception">
      <file name="/home/runner/work/my-lego-collection/my-lego-collection/back/src/Auth/Domain/Exception/AuthErrorCode.php">
        <class name="App\Auth\Domain\Exception\AuthErrorCode" namespace="App\Auth\Domain\Exception">
          <metrics complexity="2" methods="2" coveredmethods="0" conditionals="2" coveredconditionals="0" statements="2" coveredstatements="0" elements="6" coveredelements="0"/>
        </class>
        <line num="15" type="method" name="getMessage" visibility="public" complexity="1" crap="2" count="0"/>
        <line num="17" type="stmt" count="0"/>
        <line num="20" type="method" name="getCode" visibility="public" complexity="1" crap="2" count="0"/>
        <line num="22" type="stmt" count="0"/>
        <metrics loc="25" ncloc="22" classes="1" methods="2" coveredmethods="0" conditionals="2" coveredconditionals="0" statements="2" coveredstatements="0" elements="6" coveredelements="0"/>
      </file>
    </package>
    <package name="App\Auth\Domain\Model">
      <file name="/home/runner/work/my-lego-collection/my-lego-collection/back/src/Auth/Domain/Model/Identity.php">
        <class name="App\Auth\Domain\Model\Identity" namespace="App\Auth\Domain\Model">
          <metrics complexity="13" methods="13" coveredmethods="13" conditionals="13" coveredconditionals="13" statements="51" coveredstatements="51" elements="77" coveredelements="77"/>
        </class>
        <line num="33" type="method" name="__construct" visibility="public" complexity="1" crap="1" count="31"/>
        <line num="42" type="stmt" count="31"/>
        <line num="43" type="stmt" count="31"/>
        <line num="44" type="stmt" count="31"/>
        <line num="45" type="stmt" count="31"/>
        <line num="46" type="stmt" count="31"/>
        <line num="47" type="stmt" count="31"/>
        <line num="48" type="stmt" count="31"/>
        <line num="49" type="stmt" count="31"/>
        <line num="50" type="stmt" count="31"/>
        <line num="53" type="method" name="create" visibility="public" complexity="1" crap="1" count="3"/>
        <line num="60" type="stmt" count="3"/>
        <line num="61" type="stmt" count="3"/>
        <line num="62" type="stmt" count="3"/>
        <line num="63" type="stmt" count="3"/>
        <line num="64" type="stmt" count="3"/>
        <line num="65" type="stmt" count="3"/>
        <line num="66" type="stmt" count="3"/>
        <line num="67" type="stmt" count="3"/>
        <line num="68" type="stmt" count="3"/>
        <line num="69" type="stmt" count="3"/>
        <line num="72" type="method" name="getId" visibility="public" complexity="1" crap="1" count="19"/>
        <line num="74" type="stmt" count="19"/>
        <line num="77" type="method" name="getEmail" visibility="public" complexity="1" crap="1" count="10"/>
        <line num="79" type="stmt" count="10"/>
        <line num="81" type="method" name="getUsername" visibility="public" complexity="1" crap="1" count="10"/>
        <line num="83" type="stmt" count="10"/>
        <line num="85" type="method" name="getPasswordHash" visibility="public" complexity="1" crap="1" count="6"/>
        <line num="87" type="stmt" count="6"/>
        <line num="93" type="method" name="getRoles" visibility="public" complexity="1" crap="1" count="13"/>
        <line num="95" type="stmt" count="13"/>
        <line num="98" type="method" name="isComplete" visibility="public" complexity="1" crap="1" count="6"/>
        <line num="100" type="stmt" count="6"/>
        <line num="103" type="method" name="getValidationToken" visibility="public" complexity="1" crap="1" count="4"/>
        <line num="105" type="stmt" count="4"/>
        <line num="111" type="method" name="pullEvents" visibility="public" complexity="1" crap="1" count="3"/>
        <line num="113" type="stmt" count="3"/>
        <line num="114" type="stmt" count="3"/>
        <line num="115" type="stmt" count="3"/>
        <line num="118" type="method" name="complete" visibility="public" complexity="1" crap="1" count="4"/>
        <line num="120" type="stmt" count="4"/>
        <line num="121" type="stmt" count="4"/>
        <line num="122" type="stmt" count="4"/>
        <line num="123" type="stmt" count="4"/>
        <line num="124" type="stmt" count="4"/>
        <line num="125" type="stmt" count="4"/>
        <line num="126" type="stmt" count="4"/>
        <line num="127" type="stmt" count="4"/>
        <line num="128" type="stmt" count="4"/>
        <line num="129" type="stmt" count="4"/>
        <line num="130" type="stmt" count="4"/>
        <line num="133" type="method" name="changeEmail" visibility="public" complexity="1" crap="1" count="1"/>
        <line num="135" type="stmt" count="1"/>
        <line num="136" type="stmt" count="1"/>
        <line num="137" type="stmt" count="1"/>
        <line num="138" type="stmt" count="1"/>
        <line num="139" type="stmt" count="1"/>
        <line num="140" type="stmt" count="1"/>
        <line num="141" type="stmt" count="1"/>
        <line num="142" type="stmt" count="1"/>
        <line num="143" type="stmt" count="1"/>
        <line num="145" type="stmt" count="1"/>
        <line num="148" type="method" name="generateValidationToken" visibility="private" complexity="1" crap="1" count="5"/>
        <line num="150" type="stmt" count="5"/>
        <metrics loc="153" ncloc="132" classes="1" methods="13" coveredmethods="13" conditionals="13" coveredconditionals="13" statements="51" coveredstatements="51" elements="77" coveredelements="77"/>
      </file>
    </package>
    <file name="/home/runner/work/my-lego-collection/my-lego-collection/back/src/Auth/Domain/Repository/IdentityRepository.php">
      <metrics loc="18" ncloc="18" classes="0" methods="0" coveredmethods="0" conditionals="0" coveredconditionals="0" statements="0" coveredstatements="0" elements="0" coveredelements="0"/>
    </file>
    <package name="App\Auth\Domain\Service">
      <file name="/home/runner/work/my-lego-collection/my-lego-collection/back/src/Auth/Domain/Service/DefaultIdentityService.php">
        <class name="App\Auth\Domain\Service\DefaultIdentityService" namespace="App\Auth\Domain\Service">
          <metrics complexity="12" methods="6" coveredmethods="4" conditionals="16" coveredconditionals="13" statements="34" coveredstatements="31" elements="56" coveredelements="48"/>
        </class>
        <line num="17" type="method" name="__construct" visibility="public" complexity="1" crap="1" count="18"/>
        <line num="22" type="stmt" count="18"/>
        <line num="28" type="method" name="createIdentity" visibility="public" complexity="2" crap="2" count="4"/>
        <line num="30" type="stmt" count="4"/>
        <line num="31" type="stmt" count="4"/>
        <line num="32" type="stmt" count="4"/>
        <line num="33" type="stmt" count="1"/>
        <line num="35" type="stmt" count="3"/>
        <line num="36" type="stmt" count="3"/>
        <line num="37" type="stmt" count="3"/>
        <line num="38" type="stmt" count="4"/>
        <line num="41" type="method" name="getIdentityById" visibility="public" complexity="1" crap="1" count="1"/>
        <line num="43" type="stmt" count="1"/>
        <line num="46" type="method" name="getIdentityByIdentifier" visibility="public" complexity="1" crap="1" count="5"/>
        <line num="48" type="stmt" count="5"/>
        <line num="51" type="method" name="changeEmail" visibility="public" complexity="4" crap="6.00" count="2"/>
        <line num="53" type="stmt" count="2"/>
        <line num="54" type="stmt" count="2"/>
        <line num="55" type="stmt" count="0"/>
        <line num="58" type="stmt" count="2"/>
        <line num="59" type="stmt" count="1"/>
        <line num="62" type="stmt" count="1"/>
        <line num="63" type="stmt" count="1"/>
        <line num="64" type="stmt" count="0"/>
        <line num="67" type="stmt" count="1"/>
        <line num="68" type="stmt" count="1"/>
        <line num="69" type="stmt" count="1"/>
        <line num="70" type="stmt" count="1"/>
        <line num="71" type="stmt" count="1"/>
        <line num="75" type="method" name="completeIdentity" visibility="public" complexity="3" crap="3.33" count="5"/>
        <line num="77" type="stmt" count="5"/>
        <line num="78" type="stmt" count="5"/>
        <line num="79" type="stmt" count="0"/>
        <line num="82" type="stmt" count="5"/>
        <line num="83" type="stmt" count="1"/>
        <line num="86" type="stmt" count="4"/>
        <line num="87" type="stmt" count="4"/>
        <line num="88" type="stmt" count="4"/>
        <line num="89" type="stmt" count="4"/>
        <line num="90" type="stmt" count="4"/>
        <metrics loc="93" ncloc="89" classes="1" methods="6" coveredmethods="4" conditionals="16" coveredconditionals="13" statements="34" coveredstatements="31" elements="56" coveredelements="48"/>
      </file>
    </package>
    <file name="/home/runner/work/my-lego-collection/my-lego-collection/back/src/Auth/Domain/Service/IdentityService.php">
      <metrics loc="21" ncloc="21" classes="0" methods="0" coveredmethods="0" conditionals="0" coveredconditionals="0" statements="0" coveredstatements="0" elements="0" coveredelements="0"/>
    </file>
    <file name="/home/runner/work/my-lego-collection/my-lego-collection/back/src/Auth/Domain/Service/PasswordHasher.php">
      <metrics loc="11" ncloc="11" classes="0" methods="0" coveredmethods="0" conditionals="0" coveredconditionals="0" statements="0" coveredstatements="0" elements="0" coveredelements="0"/>
    </file>
    <package name="App\Auth\Infrastructure\Controller">
      <file name="/home/runner/work/my-lego-collection/my-lego-collection/back/src/Auth/Infrastructure/Controller/AuthController.php">
        <class name="App\Auth\Infrastructure\Controller\AuthController" namespace="App\Auth\Infrastructure\Controller">
          <metrics complexity="5" methods="3" coveredmethods="2" conditionals="7" coveredconditionals="6" statements="14" coveredstatements="13" elements="24" coveredelements="21"/>
        </class>
        <line num="25" type="method" name="__construct" visibility="public" complexity="1" crap="1" count="8"/>
        <line num="30" type="stmt" count="8"/>
        <line num="32" type="method" name="register" visibility="public" complexity="2" crap="2" count="3"/>
        <line num="37" type="stmt" count="3"/>
        <line num="38" type="stmt" count="1"/>
        <line num="40" type="stmt" count="2"/>
        <line num="41" type="stmt" count="2"/>
        <line num="44" type="method" name="me" visibility="public" complexity="2" crap="2.50" count="1"/>
        <line num="48" type="stmt" count="1"/>
        <line num="50" type="stmt" count="1"/>
        <line num="51" type="stmt" count="0"/>
        <line num="53" type="stmt" count="1"/>
        <line num="54" type="stmt" count="1"/>
        <line num="55" type="stmt" count="1"/>
        <line num="56" type="stmt" count="1"/>
        <line num="57" type="stmt" count="1"/>
        <line num="58" type="stmt" count="1"/>
        <metrics loc="61" ncloc="61" classes="1" methods="3" coveredmethods="2" conditionals="7" coveredconditionals="6" statements="14" coveredstatements="13" elements="24" coveredelements="21"/>
      </file>
    </package>
    <package name="App\Auth\Infrastructure\Dto">
      <file name="/home/runner/work/my-lego-collection/my-lego-collection/back/src/Auth/Infrastructure/Dto/IdentityDto.php">
        <class name="App\Auth\Infrastructure\Dto\IdentityDto" namespace="App\Auth\Infrastructure\Dto">
          <metrics complexity="3" methods="3" coveredmethods="3" conditionals="3" coveredconditionals="3" statements="3" coveredstatements="3" elements="9" coveredelements="9"/>
        </class>
        <line num="20" type="method" name="getEmail" visibility="public" complexity="1" crap="1" count="1"/>
        <line num="22" type="stmt" count="1"/>
        <line num="25" type="method" name="getUsername" visibility="public" complexity="1" crap="1" count="1"/>
        <line num="27" type="stmt" count="1"/>
        <line num="33" type="method" name="getRoles" visibility="public" complexity="1" crap="1" count="1"/>
        <line num="35" type="stmt" count="1"/>
        <metrics loc="38" ncloc="32" classes="1" methods="3" coveredmethods="3" conditionals="3" coveredconditionals="3" statements="3" coveredstatements="3" elements="9" coveredelements="9"/>
      </file>
      <file name="/home/runner/work/my-lego-collection/my-lego-collection/back/src/Auth/Infrastructure/Dto/RegistrationRequest.php">
        <class name="App\Auth\Infrastructure\Dto\RegistrationRequest" namespace="App\Auth\Infrastructure\Dto">
          <metrics complexity="4" methods="4" coveredmethods="4" conditionals="4" coveredconditionals="4" statements="6" coveredstatements="6" elements="14" coveredelements="14"/>
        </class>
        <line num="28" type="method" name="__construct" visibility="public" complexity="1" crap="1" count="7"/>
        <line num="33" type="stmt" count="7"/>
        <line num="34" type="stmt" count="7"/>
        <line num="35" type="stmt" count="7"/>
        <line num="38" type="method" name="getEmail" visibility="public" complexity="1" crap="1" count="3"/>
        <line num="40" type="stmt" count="3"/>
        <line num="42" type="method" name="getUsername" visibility="public" complexity="1" crap="1" count="3"/>
        <line num="44" type="stmt" count="3"/>
        <line num="47" type="method" name="getPassword" visibility="public" complexity="1" crap="1" count="3"/>
        <line num="49" type="stmt" count="3"/>
        <metrics loc="52" ncloc="52" classes="1" methods="4" coveredmethods="4" conditionals="4" coveredconditionals="4" statements="6" coveredstatements="6" elements="14" coveredelements="14"/>
      </file>
    </package>
    <package name="App\Auth\Infrastructure\EventHandler">
      <file name="/home/runner/work/my-lego-collection/my-lego-collection/back/src/Auth/Infrastructure/EventHandler/IdentityCreatedEventHandler.php">
        <class name="App\Auth\Infrastructure\EventHandler\IdentityCreatedEventHandler" namespace="App\Auth\Infrastructure\EventHandler">
          <metrics complexity="3" methods="3" coveredmethods="3" conditionals="3" coveredconditionals="2" statements="3" coveredstatements="3" elements="9" coveredelements="8"/>
        </class>
        <line num="18" type="method" name="__construct" visibility="public" complexity="1" crap="1" count="3"/>
        <line num="20" type="stmt" count="3"/>
        <line num="22" type="method" name="getMessageHandled" visibility="public" complexity="1" crap="1" count="1"/>
        <line num="24" type="stmt" count="1"/>
        <line num="27" type="method" name="__invoke" visibility="public" complexity="1" crap="1" count="3"/>
        <line num="29" type="stmt" count="3"/>
        <metrics loc="32" ncloc="28" classes="1" methods="3" coveredmethods="3" conditionals="3" coveredconditionals="2" statements="3" coveredstatements="3" elements="9" coveredelements="8"/>
      </file>
      <file name="/home/runner/work/my-lego-collection/my-lego-collection/back/src/Auth/Infrastructure/EventHandler/UserCreatedIntegrationEventHandler.php">
        <class name="App\Auth\Infrastructure\EventHandler\UserCreatedIntegrationEventHandler" namespace="App\Auth\Infrastructure\EventHandler">
          <metrics complexity="3" methods="3" coveredmethods="3" conditionals="3" coveredconditionals="2" statements="3" coveredstatements="3" elements="9" coveredelements="8"/>
        </class>
        <line num="19" type="method" name="__construct" visibility="public" complexity="1" crap="1" count="3"/>
        <line num="21" type="stmt" count="3"/>
        <line num="23" type="method" name="getMessageHandled" visibility="public" complexity="1" crap="1" count="1"/>
        <line num="25" type="stmt" count="1"/>
        <line num="28" type="method" name="__invoke" visibility="public" complexity="1" crap="1" count="3"/>
        <line num="30" type="stmt" count="3"/>
        <metrics loc="33" ncloc="29" classes="1" methods="3" coveredmethods="3" conditionals="3" coveredconditionals="2" statements="3" coveredstatements="3" elements="9" coveredelements="8"/>
      </file>
    </package>
    <package name="App\Auth\Infrastructure\EventSubscriber">
      <file name="/home/runner/work/my-lego-collection/my-lego-collection/back/src/Auth/Infrastructure/EventSubscriber/AuthRateLimitSubscriber.php">
        <class name="App\Auth\Infrastructure\EventSubscriber\AuthRateLimitSubscriber" namespace="App\Auth\Infrastructure\EventSubscriber">
          <metrics complexity="11" methods="6" coveredmethods="5" conditionals="19" coveredconditionals="18" statements="24" coveredstatements="24" elements="49" coveredelements="47"/>
        </class>
        <line num="27" type="method" name="__construct" visibility="public" complexity="1" crap="1" count="35"/>
        <line num="32" type="stmt" count="35"/>
        <line num="34" type="method" name="isMainRequest" visibility="public" complexity="1" crap="1" count="29"/>
        <line num="36" type="stmt" count="29"/>
        <line num="39" type="method" name="routeShouldBeLimited" visibility="public" complexity="2" crap="2.15" count="26"/>
        <line num="41" type="stmt" count="26"/>
        <line num="42" type="stmt" count="26"/>
        <line num="43" type="stmt" count="26"/>
        <line num="44" type="stmt" count="26"/>
        <line num="45" type="stmt" count="26"/>
        <line num="46" type="stmt" count="26"/>
        <line num="49" type="method" name="limitShouldBeApplied" visibility="public" complexity="2" crap="2" count="27"/>
        <line num="51" type="stmt" count="27"/>
        <line num="54" type="method" name="onKernelController" visibility="public" complexity="4" crap="4" count="17"/>
        <line num="56" type="stmt" count="17"/>
        <line num="57" type="stmt" count="6"/>
        <line num="60" type="stmt" count="12"/>
        <line num="61" type="stmt" count="12"/>
        <line num="63" type="stmt" count="12"/>
        <line num="64" type="stmt" count="12"/>
        <line num="65" type="stmt" count="12"/>
        <line num="66" type="stmt" count="4"/>
        <line num="67" type="stmt" count="4"/>
        <line num="70" type="stmt" count="12"/>
        <line num="71" type="stmt" count="12"/>
        <line num="72" type="stmt" count="2"/>
        <line num="76" type="method" name="getSubscribedEvents" visibility="public" complexity="1" crap="1" count="1"/>
        <line num="78" type="stmt" count="1"/>
        <line num="79" type="stmt" count="1"/>
        <line num="80" type="stmt" count="1"/>
        <metrics loc="83" ncloc="72" classes="1" methods="6" coveredmethods="5" conditionals="19" coveredconditionals="18" statements="24" coveredstatements="24" elements="49" coveredelements="47"/>
      </file>
    </package>
    <package name="App\Auth\Infrastructure\Messenger">
      <file name="/home/runner/work/my-lego-collection/my-lego-collection/back/src/Auth/Infrastructure/Messenger/AuthEventBus.php">
        <class name="App\Auth\Infrastructure\Messenger\AuthEventBus" namespace="App\Auth\Infrastructure\Messenger">
          <metrics complexity="2" methods="2" coveredmethods="0" conditionals="0" coveredconditionals="0" statements="2" coveredstatements="0" elements="4" coveredelements="0"/>
        </class>
        <line num="15" type="method" name="__construct" visibility="public" complexity="1" crap="2" count="0"/>
        <line num="18" type="stmt" count="0"/>
        <line num="19" type="method" name="dispatch" visibility="public" complexity="1" crap="2" count="0"/>
        <line num="21" type="stmt" count="0"/>
        <metrics loc="24" ncloc="20" classes="1" methods="2" coveredmethods="0" conditionals="0" coveredconditionals="0" statements="2" coveredstatements="0" elements="4" coveredelements="0"/>
      </file>
    </package>
    <package name="App\Auth\Infrastructure\Persistence\Doctrine\Entity">
      <file name="/home/runner/work/my-lego-collection/my-lego-collection/back/src/Auth/Infrastructure/Persistence/Doctrine/Entity/DoctrineIdentity.php">
        <class name="App\Auth\Infrastructure\Persistence\Doctrine\Entity\DoctrineIdentity" namespace="App\Auth\Infrastructure\Persistence\Doctrine\Entity">
          <metrics complexity="7" methods="7" coveredmethods="3" conditionals="7" coveredconditionals="3" statements="22" coveredstatements="18" elements="36" coveredelements="24"/>
        </class>
        <line num="38" type="method" name="__construct" visibility="public" complexity="1" crap="1" count="3"/>
        <line num="50" type="stmt" count="3"/>
        <line num="52" type="method" name="getId" visibility="public" complexity="1" crap="2" count="0"/>
        <line num="54" type="stmt" count="0"/>
        <line num="57" type="method" name="getEmail" visibility="public" complexity="1" crap="2" count="0"/>
        <line num="59" type="stmt" count="0"/>
        <line num="65" type="method" name="getRoles" visibility="public" complexity="1" crap="2" count="0"/>
        <line num="67" type="stmt" count="0"/>
        <line num="70" type="method" name="getPasswordHash" visibility="public" complexity="1" crap="2" count="0"/>
        <line num="72" type="stmt" count="0"/>
        <line num="75" type="method" name="fromDomain" visibility="public" complexity="1" crap="1" count="4"/>
        <line num="77" type="stmt" count="4"/>
        <line num="78" type="stmt" count="4"/>
        <line num="79" type="stmt" count="4"/>
        <line num="80" type="stmt" count="4"/>
        <line num="81" type="stmt" count="4"/>
        <line num="82" type="stmt" count="4"/>
        <line num="83" type="stmt" count="4"/>
        <line num="84" type="stmt" count="4"/>
        <line num="87" type="method" name="toDomain" visibility="public" complexity="1" crap="1" count="11"/>
        <line num="89" type="stmt" count="11"/>
        <line num="90" type="stmt" count="11"/>
        <line num="91" type="stmt" count="11"/>
        <line num="92" type="stmt" count="11"/>
        <line num="93" type="stmt" count="11"/>
        <line num="94" type="stmt" count="11"/>
        <line num="95" type="stmt" count="11"/>
        <line num="96" type="stmt" count="11"/>
        <line num="97" type="stmt" count="11"/>
        <metrics loc="100" ncloc="87" classes="1" methods="7" coveredmethods="3" conditionals="7" coveredconditionals="3" statements="22" coveredstatements="18" elements="36" coveredelements="24"/>
      </file>
      <file name="/home/runner/work/my-lego-collection/my-lego-collection/back/src/Auth/Infrastructure/Persistence/Doctrine/Entity/RefreshToken.php">
        <class name="App\Auth\Infrastructure\Persistence\Doctrine\Entity\RefreshToken" namespace="App\Auth\Infrastructure\Persistence\Doctrine\Entity">
          <metrics complexity="0" methods="0" coveredmethods="0" conditionals="0" coveredconditionals="0" statements="0" coveredstatements="0" elements="0" coveredelements="0"/>
        </class>
        <metrics loc="14" ncloc="12" classes="0" methods="0" coveredmethods="0" conditionals="0" coveredconditionals="0" statements="0" coveredstatements="0" elements="0" coveredelements="0"/>
      </file>
    </package>
    <package name="App\Auth\Infrastructure\Persistence\Doctrine\Repository">
      <file name="/home/runner/work/my-lego-collection/my-lego-collection/back/src/Auth/Infrastructure/Persistence/Doctrine/Repository/DoctrineIdentityRepository.php">
        <class name="App\Auth\Infrastructure\Persistence\Doctrine\Repository\DoctrineIdentityRepository" namespace="App\Auth\Infrastructure\Persistence\Doctrine\Repository">
          <metrics complexity="11" methods="7" coveredmethods="4" conditionals="19" coveredconditionals="15" statements="25" coveredstatements="22" elements="51" coveredelements="41"/>
        </class>
        <line num="21" type="method" name="__construct" visibility="public" complexity="1" crap="1" count="19"/>
        <line num="23" type="stmt" count="19"/>
        <line num="26" type="method" name="findByEmail" visibility="public" complexity="2" crap="2.50" count="6"/>
        <line num="28" type="stmt" count="6"/>
        <line num="29" type="stmt" count="6"/>
        <line num="30" type="stmt" count="0"/>
        <line num="32" type="stmt" count="6"/>
        <line num="35" type="method" name="findByUsername" visibility="public" complexity="2" crap="2.50" count="2"/>
        <line num="37" type="stmt" count="2"/>
        <line num="38" type="stmt" count="2"/>
        <line num="39" type="stmt" count="0"/>
        <line num="41" type="stmt" count="2"/>
        <line num="44" type="method" name="findByEmailOrUsername" visibility="public" complexity="2" crap="2" count="4"/>
        <line num="46" type="stmt" count="4"/>
        <line num="47" type="stmt" count="4"/>
        <line num="48" type="stmt" count="4"/>
        <line num="49" type="stmt" count="4"/>
        <line num="50" type="stmt" count="4"/>
        <line num="51" type="stmt" count="4"/>
        <line num="52" type="stmt" count="4"/>
        <line num="54" type="stmt" count="4"/>
        <line num="57" type="method" name="findByIdentifier" visibility="public" complexity="2" crap="3.69" count="5"/>
        <line num="59" type="stmt" count="5"/>
        <line num="60" type="stmt" count="0"/>
        <line num="62" type="stmt" count="5"/>
        <line num="65" type="method" name="findById" visibility="public" complexity="1" crap="1" count="9"/>
        <line num="67" type="stmt" count="9"/>
        <line num="68" type="stmt" count="9"/>
        <line num="71" type="method" name="save" visibility="public" complexity="1" crap="1" count="4"/>
        <line num="73" type="stmt" count="4"/>
        <line num="74" type="stmt" count="4"/>
        <line num="75" type="stmt" count="4"/>
        <metrics loc="78" ncloc="74" classes="1" methods="7" coveredmethods="4" conditionals="19" coveredconditionals="15" statements="25" coveredstatements="22" elements="51" coveredelements="41"/>
      </file>
    </package>
    <package name="App\Auth\Infrastructure\Security\User">
      <file name="/home/runner/work/my-lego-collection/my-lego-collection/back/src/Auth/Infrastructure/Security/User/AuthenticatedUser.php">
        <class name="App\Auth\Infrastructure\Security\User\AuthenticatedUser" namespace="App\Auth\Infrastructure\Security\User">
          <metrics complexity="5" methods="5" coveredmethods="5" conditionals="5" coveredconditionals="5" statements="5" coveredstatements="5" elements="15" coveredelements="15"/>
        </class>
        <line num="11" type="method" name="__construct" visibility="public" complexity="1" crap="1" count="14"/>
        <line num="13" type="stmt" count="14"/>
        <line num="15" type="method" name="getUserIdentifier" visibility="public" complexity="1" crap="1" count="10"/>
        <line num="17" type="stmt" count="10"/>
        <line num="20" type="method" name="getRoles" visibility="public" complexity="1" crap="1" count="8"/>
        <line num="22" type="stmt" count="8"/>
        <line num="25" type="method" name="getPassword" visibility="public" complexity="1" crap="1" count="2"/>
        <line num="27" type="stmt" count="2"/>
        <line num="30" type="method" name="eraseCredentials" visibility="public" complexity="1" crap="1" count="1"/>
        <line num="33" type="stmt" count="1"/>
        <metrics loc="35" ncloc="35" classes="1" methods="5" coveredmethods="5" conditionals="5" coveredconditionals="5" statements="5" coveredstatements="5" elements="15" coveredelements="15"/>
      </file>
      <file name="/home/runner/work/my-lego-collection/my-lego-collection/back/src/Auth/Infrastructure/Security/User/DummyAuthenticatedUser.php">
        <class name="App\Auth\Infrastructure\Security\User\DummyAuthenticatedUser" namespace="App\Auth\Infrastructure\Security\User">
          <metrics complexity="2" methods="2" coveredmethods="1" conditionals="2" coveredconditionals="1" statements="2" coveredstatements="1" elements="6" coveredelements="3"/>
        </class>
        <line num="15" type="method" name="__construct" visibility="public" complexity="1" crap="1" count="2"/>
        <line num="16" type="stmt" count="2"/>
        <line num="18" type="method" name="getPassword" visibility="public" complexity="1" crap="2" count="0"/>
        <line num="20" type="stmt" count="0"/>
        <metrics loc="23" ncloc="18" classes="1" methods="2" coveredmethods="1" conditionals="2" coveredconditionals="1" statements="2" coveredstatements="1" elements="6" coveredelements="3"/>
      </file>
    </package>
    <package name="App\Auth\Infrastructure\Security">
      <file name="/home/runner/work/my-lego-collection/my-lego-collection/back/src/Auth/Infrastructure/Security/UserProvider.php">
        <class name="App\Auth\Infrastructure\Security\UserProvider" namespace="App\Auth\Infrastructure\Security">
          <metrics complexity="6" methods="4" coveredmethods="4" conditionals="9" coveredconditionals="9" statements="11" coveredstatements="11" elements="24" coveredelements="24"/>
        </class>
        <line num="21" type="method" name="__construct" visibility="public" complexity="1" crap="1" count="19"/>
        <line num="23" type="stmt" count="19"/>
        <line num="25" type="method" name="loadUserByIdentifier" visibility="public" complexity="3" crap="3.14" count="10"/>
        <line num="29" type="stmt" count="10"/>
        <line num="30" type="stmt" count="2"/>
        <line num="31" type="stmt" count="2"/>
        <line num="34" type="stmt" count="10"/>
        <line num="35" type="stmt" count="3"/>
        <line num="36" type="stmt" count="3"/>
        <line num="38" type="stmt" count="7"/>
        <line num="39" type="stmt" count="7"/>
        <line num="42" type="method" name="refreshUser" visibility="public" complexity="1" crap="1" count="1"/>
        <line num="45" type="stmt" count="1"/>
        <line num="48" type="method" name="supportsClass" visibility="public" complexity="1" crap="1" count="2"/>
        <line num="51" type="stmt" count="2"/>
        <metrics loc="54" ncloc="49" classes="1" methods="4" coveredmethods="4" conditionals="9" coveredconditionals="9" statements="11" coveredstatements="11" elements="24" coveredelements="24"/>
      </file>
    </package>
    <package name="App\Auth\Infrastructure\Service">
      <file name="/home/runner/work/my-lego-collection/my-lego-collection/back/src/Auth/Infrastructure/Service/SymfonyPasswordHasher.php">
        <class name="App\Auth\Infrastructure\Service\SymfonyPasswordHasher" namespace="App\Auth\Infrastructure\Service">
          <metrics complexity="3" methods="3" coveredmethods="2" conditionals="3" coveredconditionals="2" statements="6" coveredstatements="5" elements="12" coveredelements="9"/>
        </class>
        <line num="13" type="method" name="__construct" visibility="public" complexity="1" crap="1" count="11"/>
        <line num="14" type="stmt" count="11"/>
        <line num="16" type="method" name="hash" visibility="public" complexity="1" crap="1" count="2"/>
        <line num="18" type="stmt" count="2"/>
        <line num="19" type="stmt" count="2"/>
        <line num="20" type="stmt" count="2"/>
        <line num="21" type="stmt" count="2"/>
        <line num="24" type="method" name="isValid" visibility="public" complexity="1" crap="2" count="0"/>
        <line num="26" type="stmt" count="0"/>
        <metrics loc="29" ncloc="29" classes="1" methods="3" coveredmethods="2" conditionals="3" coveredconditionals="2" statements="6" coveredstatements="5" elements="12" coveredelements="9"/>
      </file>
    </package>
    <package name="App\CollectionManagement\Application\Command">
      <file name="/home/runner/work/my-lego-collection/my-lego-collection/back/src/CollectionManagement/Application/Command/AddUserSetCommand.php">
        <class name="App\CollectionManagement\Application\Command\AddUserSetCommand" namespace="App\CollectionManagement\Application\Command">
          <metrics complexity="3" methods="3" coveredmethods="2" conditionals="3" coveredconditionals="2" statements="3" coveredstatements="2" elements="9" coveredelements="6"/>
        </class>
        <line num="9" type="method" name="__construct" visibility="public" complexity="1" crap="1" count="1"/>
        <line num="13" type="stmt" count="1"/>
        <line num="15" type="method" name="getExternalSetId" visibility="public" complexity="1" crap="2" count="0"/>
        <line num="17" type="stmt" count="0"/>
        <line num="20" type="method" name="getIdentityId" visibility="public" complexity="1" crap="1" count="1"/>
        <line num="22" type="stmt" count="1"/>
        <metrics loc="25" ncloc="25" classes="1" methods="3" coveredmethods="2" conditionals="3" coveredconditionals="2" statements="3" coveredstatements="2" elements="9" coveredelements="6"/>
      </file>
      <file name="/home/runner/work/my-lego-collection/my-lego-collection/back/src/CollectionManagement/Application/Command/SearchPartQuery.php">
        <class name="App\CollectionManagement\Application\Command\SearchPartQuery" namespace="App\CollectionManagement\Application\Command">
          <metrics complexity="3" methods="3" coveredmethods="3" conditionals="3" coveredconditionals="3" statements="3" coveredstatements="3" elements="9" coveredelements="9"/>
        </class>
        <line num="9" type="method" name="__construct" visibility="public" complexity="1" crap="1" count="5"/>
        <line num="13" type="stmt" count="5"/>
        <line num="15" type="method" name="getSearch" visibility="public" complexity="1" crap="1" count="3"/>
        <line num="17" type="stmt" count="3"/>
        <line num="20" type="method" name="getUserId" visibility="public" complexity="1" crap="1" count="4"/>
        <line num="22" type="stmt" count="4"/>
        <metrics loc="25" ncloc="25" classes="1" methods="3" coveredmethods="3" conditionals="3" coveredconditionals="3" statements="3" coveredstatements="3" elements="9" coveredelements="9"/>
      </file>
      <file name="/home/runner/work/my-lego-collection/my-lego-collection/back/src/CollectionManagement/Application/Command/SearchSetQuery.php">
        <class name="App\CollectionManagement\Application\Command\SearchSetQuery" namespace="App\CollectionManagement\Application\Command">
          <metrics complexity="3" methods="3" coveredmethods="3" conditionals="3" coveredconditionals="3" statements="3" coveredstatements="3" elements="9" coveredelements="9"/>
        </class>
        <line num="9" type="method" name="__construct" visibility="public" complexity="1" crap="1" count="5"/>
        <line num="13" type="stmt" count="5"/>
        <line num="15" type="method" name="getSearch" visibility="public" complexity="1" crap="1" count="3"/>
        <line num="17" type="stmt" count="3"/>
        <line num="20" type="method" name="getUserId" visibility="public" complexity="1" crap="1" count="4"/>
        <line num="22" type="stmt" count="4"/>
        <metrics loc="25" ncloc="25" classes="1" methods="3" coveredmethods="3" conditionals="3" coveredconditionals="3" statements="3" coveredstatements="3" elements="9" coveredelements="9"/>
      </file>
    </package>
    <package name="App\CollectionManagement\Application\Handler">
      <file name="/home/runner/work/my-lego-collection/my-lego-collection/back/src/CollectionManagement/Application/Handler/AddUserSetHandler.php">
        <class name="App\CollectionManagement\Application\Handler\AddUserSetHandler" namespace="App\CollectionManagement\Application\Handler">
          <metrics complexity="2" methods="2" coveredmethods="2" conditionals="2" coveredconditionals="2" statements="7" coveredstatements="7" elements="11" coveredelements="11"/>
        </class>
        <line num="17" type="method" name="__construct" visibility="public" complexity="1" crap="1" count="1"/>
        <line num="19" type="stmt" count="1"/>
        <line num="21" type="method" name="__invoke" visibility="public" complexity="1" crap="1" count="1"/>
        <line num="25" type="stmt" count="1"/>
        <line num="30" type="stmt" count="1"/>
        <line num="31" type="stmt" count="1"/>
        <line num="32" type="stmt" count="1"/>
        <line num="33" type="stmt" count="1"/>
        <line num="34" type="stmt" count="1"/>
        <metrics loc="37" ncloc="34" classes="1" methods="2" coveredmethods="2" conditionals="2" coveredconditionals="2" statements="7" coveredstatements="7" elements="11" coveredelements="11"/>
      </file>
      <file name="/home/runner/work/my-lego-collection/my-lego-collection/back/src/CollectionManagement/Application/Handler/SearchPartHandler.php">
        <class name="App\CollectionManagement\Application\Handler\SearchPartHandler" namespace="App\CollectionManagement\Application\Handler">
          <metrics complexity="2" methods="2" coveredmethods="2" conditionals="2" coveredconditionals="2" statements="2" coveredstatements="2" elements="6" coveredelements="6"/>
        </class>
        <line num="11" type="method" name="__construct" visibility="public" complexity="1" crap="1" count="2"/>
        <line num="14" type="stmt" count="2"/>
        <line num="16" type="method" name="__invoke" visibility="public" complexity="1" crap="1" count="2"/>
        <line num="18" type="stmt" count="2"/>
        <metrics loc="21" ncloc="21" classes="1" methods="2" coveredmethods="2" conditionals="2" coveredconditionals="2" statements="2" coveredstatements="2" elements="6" coveredelements="6"/>
      </file>
      <file name="/home/runner/work/my-lego-collection/my-lego-collection/back/src/CollectionManagement/Application/Handler/SearchSetHandler.php">
        <class name="App\CollectionManagement\Application\Handler\SearchSetHandler" namespace="App\CollectionManagement\Application\Handler">
          <metrics complexity="2" methods="2" coveredmethods="2" conditionals="2" coveredconditionals="2" statements="2" coveredstatements="2" elements="6" coveredelements="6"/>
        </class>
        <line num="11" type="method" name="__construct" visibility="public" complexity="1" crap="1" count="2"/>
        <line num="13" type="stmt" count="2"/>
        <line num="15" type="method" name="__invoke" visibility="public" complexity="1" crap="1" count="2"/>
        <line num="17" type="stmt" count="2"/>
        <metrics loc="20" ncloc="20" classes="1" methods="2" coveredmethods="2" conditionals="2" coveredconditionals="2" statements="2" coveredstatements="2" elements="6" coveredelements="6"/>
      </file>
    </package>
    <package name="App\CollectionManagement\Domain\Model">
      <file name="/home/runner/work/my-lego-collection/my-lego-collection/back/src/CollectionManagement/Domain/Model/BasePart.php">
        <class name="App\CollectionManagement\Domain\Model\BasePart" namespace="App\CollectionManagement\Domain\Model">
          <metrics complexity="5" methods="5" coveredmethods="5" conditionals="5" coveredconditionals="5" statements="5" coveredstatements="5" elements="15" coveredelements="15"/>
        </class>
        <line num="11" type="method" name="__construct" visibility="public" complexity="1" crap="1" count="19"/>
        <line num="17" type="stmt" count="19"/>
        <line num="19" type="method" name="getExternalId" visibility="public" complexity="1" crap="1" count="2"/>
        <line num="21" type="stmt" count="2"/>
        <line num="24" type="method" name="getLegoId" visibility="public" complexity="1" crap="1" count="2"/>
        <line num="26" type="stmt" count="2"/>
        <line num="29" type="method" name="getName" visibility="public" complexity="1" crap="1" count="2"/>
        <line num="31" type="stmt" count="2"/>
        <line num="34" type="method" name="getImagePath" visibility="public" complexity="1" crap="1" count="1"/>
        <line num="36" type="stmt" count="1"/>
        <metrics loc="39" ncloc="35" classes="1" methods="5" coveredmethods="5" conditionals="5" coveredconditionals="5" statements="5" coveredstatements="5" elements="15" coveredelements="15"/>
      </file>
      <file name="/home/runner/work/my-lego-collection/my-lego-collection/back/src/CollectionManagement/Domain/Model/BaseSet.php">
        <class name="App\CollectionManagement\Domain\Model\BaseSet" namespace="App\CollectionManagement\Domain\Model">
          <metrics complexity="7" methods="7" coveredmethods="7" conditionals="7" coveredconditionals="7" statements="7" coveredstatements="7" elements="21" coveredelements="21"/>
        </class>
        <line num="7" type="method" name="__construct" visibility="public" complexity="1" crap="1" count="28"/>
        <line num="15" type="stmt" count="28"/>
        <line num="17" type="method" name="getLegoId" visibility="public" complexity="1" crap="1" count="4"/>
        <line num="19" type="stmt" count="4"/>
        <line num="23" type="method" name="getExternalId" visibility="public" complexity="1" crap="1" count="3"/>
        <line num="25" type="stmt" count="3"/>
        <line num="28" type="method" name="getName" visibility="public" complexity="1" crap="1" count="1"/>
        <line num="30" type="stmt" count="1"/>
        <line num="33" type="method" name="getPartCount" visibility="public" complexity="1" crap="1" count="1"/>
        <line num="35" type="stmt" count="1"/>
        <line num="38" type="method" name="getImagePath" visibility="public" complexity="1" crap="1" count="1"/>
        <line num="40" type="stmt" count="1"/>
        <line num="43" type="method" name="getProductionYear" visibility="public" complexity="1" crap="1" count="1"/>
        <line num="45" type="stmt" count="1"/>
        <metrics loc="48" ncloc="48" classes="1" methods="7" coveredmethods="7" conditionals="7" coveredconditionals="7" statements="7" coveredstatements="7" elements="21" coveredelements="21"/>
      </file>
      <file name="/home/runner/work/my-lego-collection/my-lego-collection/back/src/CollectionManagement/Domain/Model/EnrichedSet.php">
        <class name="App\CollectionManagement\Domain\Model\EnrichedSet" namespace="App\CollectionManagement\Domain\Model">
          <metrics complexity="3" methods="3" coveredmethods="3" conditionals="3" coveredconditionals="3" statements="3" coveredstatements="3" elements="9" coveredelements="9"/>
        </class>
        <line num="9" type="method" name="__construct" visibility="public" complexity="1" crap="1" count="9"/>
        <line num="10" type="stmt" count="9"/>
        <line num="12" type="method" name="getSet" visibility="public" complexity="1" crap="1" count="3"/>
        <line num="14" type="stmt" count="3"/>
        <line num="17" type="method" name="getUserSet" visibility="public" complexity="1" crap="1" count="3"/>
        <line num="19" type="stmt" count="3"/>
        <metrics loc="22" ncloc="22" classes="1" methods="3" coveredmethods="3" conditionals="3" coveredconditionals="3" statements="3" coveredstatements="3" elements="9" coveredelements="9"/>
      </file>
      <file name="/home/runner/work/my-lego-collection/my-lego-collection/back/src/CollectionManagement/Domain/Model/EnrichedSetCollection.php">
        <class name="App\CollectionManagement\Domain\Model\EnrichedSetCollection" namespace="App\CollectionManagement\Domain\Model">
          <metrics complexity="1" methods="1" coveredmethods="1" conditionals="1" coveredconditionals="1" statements="1" coveredstatements="1" elements="3" coveredelements="3"/>
        </class>
        <line num="16" type="method" name="__construct" visibility="public" complexity="1" crap="1" count="6"/>
        <line num="18" type="stmt" count="6"/>
        <metrics loc="21" ncloc="14" classes="1" methods="1" coveredmethods="1" conditionals="1" coveredconditionals="1" statements="1" coveredstatements="1" elements="3" coveredelements="3"/>
      </file>
      <file name="/home/runner/work/my-lego-collection/my-lego-collection/back/src/CollectionManagement/Domain/Model/PartCollection.php">
        <class name="App\CollectionManagement\Domain\Model\PartCollection" namespace="App\CollectionManagement\Domain\Model">
          <metrics complexity="1" methods="1" coveredmethods="1" conditionals="1" coveredconditionals="1" statements="1" coveredstatements="1" elements="3" coveredelements="3"/>
        </class>
        <line num="18" type="method" name="__construct" visibility="public" complexity="1" crap="1" count="14"/>
        <line num="20" type="stmt" count="14"/>
        <metrics loc="23" ncloc="15" classes="1" methods="1" coveredmethods="1" conditionals="1" coveredconditionals="1" statements="1" coveredstatements="1" elements="3" coveredelements="3"/>
      </file>
      <file name="/home/runner/work/my-lego-collection/my-lego-collection/back/src/CollectionManagement/Domain/Model/SetCollection.php">
        <class name="App\CollectionManagement\Domain\Model\SetCollection" namespace="App\CollectionManagement\Domain\Model">
          <metrics complexity="1" methods="1" coveredmethods="1" conditionals="1" coveredconditionals="1" statements="1" coveredstatements="1" elements="3" coveredelements="3"/>
        </class>
        <line num="19" type="method" name="__construct" visibility="public" complexity="1" crap="1" count="12"/>
        <line num="21" type="stmt" count="12"/>
        <metrics loc="24" ncloc="16" classes="1" methods="1" coveredmethods="1" conditionals="1" coveredconditionals="1" statements="1" coveredstatements="1" elements="3" coveredelements="3"/>
      </file>
      <file name="/home/runner/work/my-lego-collection/my-lego-collection/back/src/CollectionManagement/Domain/Model/UserSetCollection.php">
        <class name="App\CollectionManagement\Domain\Model\UserSetCollection" namespace="App\CollectionManagement\Domain\Model">
          <metrics complexity="1" methods="1" coveredmethods="1" conditionals="1" coveredconditionals="1" statements="1" coveredstatements="1" elements="3" coveredelements="3"/>
        </class>
        <line num="16" type="method" name="__construct" visibility="public" complexity="1" crap="1" count="3"/>
        <line num="18" type="stmt" count="3"/>
        <metrics loc="21" ncloc="15" classes="1" methods="1" coveredmethods="1" conditionals="1" coveredconditionals="1" statements="1" coveredstatements="1" elements="3" coveredelements="3"/>
      </file>
    </package>
    <package name="App\CollectionManagement\Domain\Model\External">
      <file name="/home/runner/work/my-lego-collection/my-lego-collection/back/src/CollectionManagement/Domain/Model/External/ExternalElement.php">
        <class name="App\CollectionManagement\Domain\Model\External\ExternalElement" namespace="App\CollectionManagement\Domain\Model\External">
          <metrics complexity="7" methods="7" coveredmethods="7" conditionals="7" coveredconditionals="7" statements="7" coveredstatements="7" elements="21" coveredelements="21"/>
        </class>
        <line num="7" type="method" name="__construct" visibility="public" complexity="1" crap="1" count="10"/>
        <line num="16" type="stmt" count="10"/>
        <line num="18" type="method" name="getExternalId" visibility="public" complexity="1" crap="1" count="2"/>
        <line num="20" type="stmt" count="2"/>
        <line num="23" type="method" name="getLegoId" visibility="public" complexity="1" crap="1" count="1"/>
        <line num="25" type="stmt" count="1"/>
        <line num="28" type="method" name="getExternalPartId" visibility="public" complexity="1" crap="1" count="1"/>
        <line num="30" type="stmt" count="1"/>
        <line num="33" type="method" name="getImagePath" visibility="public" complexity="1" crap="1" count="1"/>
        <line num="35" type="stmt" count="1"/>
        <line num="38" type="method" name="getExternalColorId" visibility="public" complexity="1" crap="1" count="2"/>
        <line num="40" type="stmt" count="2"/>
        <line num="43" type="method" name="getColorName" visibility="public" complexity="1" crap="1" count="2"/>
        <line num="45" type="stmt" count="2"/>
        <metrics loc="48" ncloc="48" classes="1" methods="7" coveredmethods="7" conditionals="7" coveredconditionals="7" statements="7" coveredstatements="7" elements="21" coveredelements="21"/>
      </file>
      <file name="/home/runner/work/my-lego-collection/my-lego-collection/back/src/CollectionManagement/Domain/Model/External/ExternalElementCollection.php">
        <class name="App\CollectionManagement\Domain\Model\External\ExternalElementCollection" namespace="App\CollectionManagement\Domain\Model\External">
          <metrics complexity="1" methods="1" coveredmethods="1" conditionals="1" coveredconditionals="1" statements="1" coveredstatements="1" elements="3" coveredelements="3"/>
        </class>
        <line num="17" type="method" name="__construct" visibility="public" complexity="1" crap="1" count="4"/>
        <line num="19" type="stmt" count="4"/>
        <metrics loc="22" ncloc="14" classes="1" methods="1" coveredmethods="1" conditionals="1" coveredconditionals="1" statements="1" coveredstatements="1" elements="3" coveredelements="3"/>
      </file>
      <file name="/home/runner/work/my-lego-collection/my-lego-collection/back/src/CollectionManagement/Domain/Model/External/ExternalPart.php">
        <class name="App\CollectionManagement\Domain\Model\External\ExternalPart" namespace="App\CollectionManagement\Domain\Model\External">
          <metrics complexity="0" methods="0" coveredmethods="0" conditionals="0" coveredconditionals="0" statements="0" coveredstatements="0" elements="0" coveredelements="0"/>
        </class>
        <metrics loc="14" ncloc="10" classes="0" methods="0" coveredmethods="0" conditionals="0" coveredconditionals="0" statements="0" coveredstatements="0" elements="0" coveredelements="0"/>
      </file>
      <file name="/home/runner/work/my-lego-collection/my-lego-collection/back/src/CollectionManagement/Domain/Model/External/ExternalSet.php">
        <class name="App\CollectionManagement\Domain\Model\External\ExternalSet" namespace="App\CollectionManagement\Domain\Model\External">
          <metrics complexity="0" methods="0" coveredmethods="0" conditionals="0" coveredconditionals="0" statements="0" coveredstatements="0" elements="0" coveredelements="0"/>
        </class>
        <metrics loc="15" ncloc="11" classes="0" methods="0" coveredmethods="0" conditionals="0" coveredconditionals="0" statements="0" coveredstatements="0" elements="0" coveredelements="0"/>
      </file>
      <file name="/home/runner/work/my-lego-collection/my-lego-collection/back/src/CollectionManagement/Domain/Model/External/ExternalSetElement.php">
        <class name="App\CollectionManagement\Domain\Model\External\ExternalSetElement" namespace="App\CollectionManagement\Domain\Model\External">
          <metrics complexity="5" methods="5" coveredmethods="5" conditionals="5" coveredconditionals="5" statements="5" coveredstatements="5" elements="15" coveredelements="15"/>
        </class>
        <line num="11" type="method" name="__construct" visibility="public" complexity="1" crap="1" count="4"/>
        <line num="17" type="stmt" count="4"/>
        <line num="19" type="method" name="getExternalId" visibility="public" complexity="1" crap="1" count="1"/>
        <line num="21" type="stmt" count="1"/>
        <line num="24" type="method" name="getExternalSetId" visibility="public" complexity="1" crap="1" count="1"/>
        <line num="26" type="stmt" count="1"/>
        <line num="29" type="method" name="getExternalPartId" visibility="public" complexity="1" crap="1" count="1"/>
        <line num="31" type="stmt" count="1"/>
        <line num="34" type="method" name="getQuantity" visibility="public" complexity="1" crap="1" count="1"/>
        <line num="36" type="stmt" count="1"/>
        <metrics loc="39" ncloc="35" classes="1" methods="5" coveredmethods="5" conditionals="5" coveredconditionals="5" statements="5" coveredstatements="5" elements="15" coveredelements="15"/>
      </file>
      <file name="/home/runner/work/my-lego-collection/my-lego-collection/back/src/CollectionManagement/Domain/Model/External/ExternalSetElementCollection.php">
        <class name="App\CollectionManagement\Domain\Model\External\ExternalSetElementCollection" namespace="App\CollectionManagement\Domain\Model\External">
          <metrics complexity="1" methods="1" coveredmethods="1" conditionals="1" coveredconditionals="1" statements="1" coveredstatements="1" elements="3" coveredelements="3"/>
        </class>
        <line num="13" type="method" name="__construct" visibility="public" complexity="1" crap="1" count="4"/>
        <line num="15" type="stmt" count="4"/>
        <metrics loc="18" ncloc="14" classes="1" methods="1" coveredmethods="1" conditionals="1" coveredconditionals="1" statements="1" coveredstatements="1" elements="3" coveredelements="3"/>
      </file>
    </package>
    <package name="App\CollectionManagement\Domain\Model\Local">
      <file name="/home/runner/work/my-lego-collection/my-lego-collection/back/src/CollectionManagement/Domain/Model/Local/Part.php">
        <class name="App\CollectionManagement\Domain\Model\Local\Part" namespace="App\CollectionManagement\Domain\Model\Local">
          <metrics complexity="0" methods="0" coveredmethods="0" conditionals="0" coveredconditionals="0" statements="0" coveredstatements="0" elements="0" coveredelements="0"/>
        </class>
        <metrics loc="11" ncloc="11" classes="0" methods="0" coveredmethods="0" conditionals="0" coveredconditionals="0" statements="0" coveredstatements="0" elements="0" coveredelements="0"/>
      </file>
      <file name="/home/runner/work/my-lego-collection/my-lego-collection/back/src/CollectionManagement/Domain/Model/Local/Set.php">
        <class name="App\CollectionManagement\Domain\Model\Local\Set" namespace="App\CollectionManagement\Domain\Model\Local">
          <metrics complexity="2" methods="2" coveredmethods="2" conditionals="2" coveredconditionals="2" statements="2" coveredstatements="2" elements="6" coveredelements="6"/>
        </class>
        <line num="24" type="method" name="__construct" visibility="public" complexity="1" crap="1" count="8"/>
        <line num="33" type="stmt" count="8"/>
        <line num="39" type="method" name="getId" visibility="public" complexity="1" crap="1" count="2"/>
        <line num="41" type="stmt" count="2"/>
        <metrics loc="44" ncloc="28" classes="1" methods="2" coveredmethods="2" conditionals="2" coveredconditionals="2" statements="2" coveredstatements="2" elements="6" coveredelements="6"/>
      </file>
      <file name="/home/runner/work/my-lego-collection/my-lego-collection/back/src/CollectionManagement/Domain/Model/Local/UserSet.php">
        <class name="App\CollectionManagement\Domain\Model\Local\UserSet" namespace="App\CollectionManagement\Domain\Model\Local">
          <metrics complexity="4" methods="4" coveredmethods="4" conditionals="4" coveredconditionals="4" statements="4" coveredstatements="4" elements="12" coveredelements="12"/>
        </class>
        <line num="15" type="method" name="__construct" visibility="public" complexity="1" crap="1" count="5"/>
        <line num="20" type="stmt" count="5"/>
        <line num="22" type="method" name="getLocalSet" visibility="public" complexity="1" crap="1" count="2"/>
        <line num="24" type="stmt" count="2"/>
        <line num="27" type="method" name="getId" visibility="public" complexity="1" crap="1" count="2"/>
        <line num="29" type="stmt" count="2"/>
        <line num="32" type="method" name="getUserId" visibility="public" complexity="1" crap="1" count="1"/>
        <line num="34" type="stmt" count="1"/>
        <metrics loc="38" ncloc="32" classes="1" methods="4" coveredmethods="4" conditionals="4" coveredconditionals="4" statements="4" coveredstatements="4" elements="12" coveredelements="12"/>
      </file>
    </package>
    <file name="/home/runner/work/my-lego-collection/my-lego-collection/back/src/CollectionManagement/Domain/Repository/LocalSetRepository.php">
      <metrics loc="33" ncloc="17" classes="0" methods="0" coveredmethods="0" conditionals="0" coveredconditionals="0" statements="0" coveredstatements="0" elements="0" coveredelements="0"/>
    </file>
    <file name="/home/runner/work/my-lego-collection/my-lego-collection/back/src/CollectionManagement/Domain/Repository/PartRepository.php">
      <metrics loc="9" ncloc="9" classes="0" methods="0" coveredmethods="0" conditionals="0" coveredconditionals="0" statements="0" coveredstatements="0" elements="0" coveredelements="0"/>
    </file>
    <file name="/home/runner/work/my-lego-collection/my-lego-collection/back/src/CollectionManagement/Domain/Repository/UserSetRepository.php">
      <metrics loc="16" ncloc="11" classes="0" methods="0" coveredmethods="0" conditionals="0" coveredconditionals="0" statements="0" coveredstatements="0" elements="0" coveredelements="0"/>
    </file>
    <package name="App\CollectionManagement\Domain\Service">
      <file name="/home/runner/work/my-lego-collection/my-lego-collection/back/src/CollectionManagement/Domain/Service/DefaultPartService.php">
        <class name="App\CollectionManagement\Domain\Service\DefaultPartService" namespace="App\CollectionManagement\Domain\Service">
          <metrics complexity="2" methods="2" coveredmethods="2" conditionals="2" coveredconditionals="2" statements="2" coveredstatements="2" elements="6" coveredelements="6"/>
        </class>
        <line num="10" type="method" name="__construct" visibility="public" complexity="1" crap="1" count="1"/>
        <line num="13" type="stmt" count="1"/>
        <line num="18" type="method" name="findParts" visibility="public" complexity="1" crap="1" count="1"/>
        <line num="21" type="stmt" count="1"/>
        <metrics loc="24" ncloc="20" classes="1" methods="2" coveredmethods="2" conditionals="2" coveredconditionals="2" statements="2" coveredstatements="2" elements="6" coveredelements="6"/>
      </file>
      <file name="/home/runner/work/my-lego-collection/my-lego-collection/back/src/CollectionManagement/Domain/Service/DefaultSetService.php">
        <class name="App\CollectionManagement\Domain\Service\DefaultSetService" namespace="App\CollectionManagement\Domain\Service">
          <metrics complexity="3" methods="2" coveredmethods="2" conditionals="4" coveredconditionals="4" statements="19" coveredstatements="19" elements="25" coveredelements="25"/>
        </class>
        <line num="14" type="method" name="__construct" visibility="public" complexity="1" crap="1" count="2"/>
        <line num="18" type="stmt" count="2"/>
        <line num="23" type="method" name="findSets" visibility="public" complexity="2" crap="2" count="2"/>
        <line num="27" type="stmt" count="2"/>
        <line num="29" type="stmt" count="2"/>
        <line num="30" type="stmt" count="1"/>
        <line num="31" type="stmt" count="1"/>
        <line num="32" type="stmt" count="1"/>
        <line num="37" type="stmt" count="1"/>
        <line num="38" type="stmt" count="1"/>
        <line num="39" type="stmt" count="1"/>
        <line num="40" type="stmt" count="1"/>
        <line num="43" type="stmt" count="1"/>
        <line num="44" type="stmt" count="1"/>
        <line num="45" type="stmt" count="1"/>
        <line num="46" type="stmt" count="1"/>
        <line num="47" type="stmt" count="1"/>
        <line num="48" type="stmt" count="1"/>
        <line num="49" type="stmt" count="1"/>
        <line num="50" type="stmt" count="1"/>
        <line num="51" type="stmt" count="1"/>
        <metrics loc="54" ncloc="46" classes="1" methods="2" coveredmethods="2" conditionals="4" coveredconditionals="4" statements="19" coveredstatements="19" elements="25" coveredelements="25"/>
      </file>
      <file name="/home/runner/work/my-lego-collection/my-lego-collection/back/src/CollectionManagement/Domain/Service/LegoDataProvider.php">
        <class name="App\CollectionManagement\Domain\Service\LegoDataProvider" namespace="App\CollectionManagement\Domain\Service">
          <metrics complexity="7" methods="3" coveredmethods="3" conditionals="13" coveredconditionals="13" statements="11" coveredstatements="11" elements="27" coveredelements="27"/>
        </class>
        <line num="22" type="method" name="__construct" visibility="public" complexity="1" crap="1" count="6"/>
        <line num="25" type="stmt" count="6"/>
        <line num="27" type="method" name="findSets" visibility="public" complexity="3" crap="4.12" count="3"/>
        <line num="31" type="stmt" count="3"/>
        <line num="32" type="stmt" count="2"/>
        <line num="33" type="stmt" count="2"/>
        <line num="34" type="stmt" count="1"/>
        <line num="37" type="stmt" count="2"/>
        <line num="40" type="method" name="findParts" visibility="public" complexity="3" crap="4.12" count="3"/>
        <line num="44" type="stmt" count="3"/>
        <line num="45" type="stmt" count="2"/>
        <line num="46" type="stmt" count="2"/>
        <line num="47" type="stmt" count="1"/>
        <line num="50" type="stmt" count="2"/>
        <metrics loc="53" ncloc="37" classes="1" methods="3" coveredmethods="3" conditionals="13" coveredconditionals="13" statements="11" coveredstatements="11" elements="27" coveredelements="27"/>
      </file>
    </package>
    <file name="/home/runner/work/my-lego-collection/my-lego-collection/back/src/CollectionManagement/Domain/Service/LegoDataLoader.php">
      <metrics loc="37" ncloc="22" classes="0" methods="0" coveredmethods="0" conditionals="0" coveredconditionals="0" statements="0" coveredstatements="0" elements="0" coveredelements="0"/>
    </file>
    <file name="/home/runner/work/my-lego-collection/my-lego-collection/back/src/CollectionManagement/Domain/Service/PartService.php">
      <metrics loc="21" ncloc="12" classes="0" methods="0" coveredmethods="0" conditionals="0" coveredconditionals="0" statements="0" coveredstatements="0" elements="0" coveredelements="0"/>
    </file>
    <file name="/home/runner/work/my-lego-collection/my-lego-collection/back/src/CollectionManagement/Domain/Service/RetrieveUserId.php">
      <metrics loc="15" ncloc="12" classes="0" methods="0" coveredmethods="0" conditionals="0" coveredconditionals="0" statements="0" coveredstatements="0" elements="0" coveredelements="0"/>
    </file>
    <file name="/home/runner/work/my-lego-collection/my-lego-collection/back/src/CollectionManagement/Domain/Service/SetService.php">
      <metrics loc="21" ncloc="12" classes="0" methods="0" coveredmethods="0" conditionals="0" coveredconditionals="0" statements="0" coveredstatements="0" elements="0" coveredelements="0"/>
    </file>
    <package name="App\CollectionManagement\Infrastructure\Controller">
      <file name="/home/runner/work/my-lego-collection/my-lego-collection/back/src/CollectionManagement/Infrastructure/Controller/PartController.php">
        <class name="App\CollectionManagement\Infrastructure\Controller\PartController" namespace="App\CollectionManagement\Infrastructure\Controller">
          <metrics complexity="3" methods="2" coveredmethods="0" conditionals="4" coveredconditionals="0" statements="5" coveredstatements="0" elements="11" coveredelements="0"/>
        </class>
        <line num="16" type="method" name="__construct" visibility="public" complexity="1" crap="2" count="0"/>
        <line num="19" type="stmt" count="0"/>
        <line num="21" type="method" name="searchPart" visibility="public" complexity="2" crap="6" count="0"/>
        <line num="24" type="stmt" count="0"/>
        <line num="25" type="stmt" count="0"/>
        <line num="27" type="stmt" count="0"/>
        <line num="28" type="stmt" count="0"/>
        <metrics loc="31" ncloc="31" classes="1" methods="2" coveredmethods="0" conditionals="4" coveredconditionals="0" statements="5" coveredstatements="0" elements="11" coveredelements="0"/>
      </file>
      <file name="/home/runner/work/my-lego-collection/my-lego-collection/back/src/CollectionManagement/Infrastructure/Controller/SetController.php">
        <class name="App\CollectionManagement\Infrastructure\Controller\SetController" namespace="App\CollectionManagement\Infrastructure\Controller">
          <metrics complexity="3" methods="2" coveredmethods="0" conditionals="4" coveredconditionals="0" statements="5" coveredstatements="0" elements="11" coveredelements="0"/>
        </class>
        <line num="16" type="method" name="__construct" visibility="public" complexity="1" crap="2" count="0"/>
        <line num="19" type="stmt" count="0"/>
        <line num="21" type="method" name="searchSet" visibility="public" complexity="2" crap="6" count="0"/>
        <line num="24" type="stmt" count="0"/>
        <line num="25" type="stmt" count="0"/>
        <line num="27" type="stmt" count="0"/>
        <line num="28" type="stmt" count="0"/>
        <metrics loc="31" ncloc="31" classes="1" methods="2" coveredmethods="0" conditionals="4" coveredconditionals="0" statements="5" coveredstatements="0" elements="11" coveredelements="0"/>
      </file>
    </package>
    <package name="App\CollectionManagement\Infrastructure\Persistence\Doctrine\Entity">
      <file name="/home/runner/work/my-lego-collection/my-lego-collection/back/src/CollectionManagement/Infrastructure/Persistence/Doctrine/Entity/DoctrineSet.php">
        <class name="App\CollectionManagement\Infrastructure\Persistence\Doctrine\Entity\DoctrineSet" namespace="App\CollectionManagement\Infrastructure\Persistence\Doctrine\Entity">
          <metrics complexity="9" methods="9" coveredmethods="0" conditionals="0" coveredconditionals="0" statements="23" coveredstatements="0" elements="32" coveredelements="0"/>
        </class>
        <line num="37" type="method" name="__construct" visibility="public" complexity="1" crap="2" count="0"/>
        <line num="46" type="stmt" count="0"/>
        <line num="47" type="stmt" count="0"/>
        <line num="48" type="stmt" count="0"/>
        <line num="49" type="stmt" count="0"/>
        <line num="50" type="stmt" count="0"/>
        <line num="51" type="stmt" count="0"/>
        <line num="52" type="stmt" count="0"/>
        <line num="55" type="method" name="getId" visibility="public" complexity="1" crap="2" count="0"/>
        <line num="57" type="stmt" count="0"/>
        <line num="60" type="method" name="getExternalId" visibility="public" complexity="1" crap="2" count="0"/>
        <line num="62" type="stmt" count="0"/>
        <line num="65" type="method" name="getLegoId" visibility="public" complexity="1" crap="2" count="0"/>
        <line num="67" type="stmt" count="0"/>
        <line num="70" type="method" name="getName" visibility="public" complexity="1" crap="2" count="0"/>
        <line num="72" type="stmt" count="0"/>
        <line num="75" type="method" name="getPartCount" visibility="public" complexity="1" crap="2" count="0"/>
        <line num="77" type="stmt" count="0"/>
        <line num="80" type="method" name="getImagePath" visibility="public" complexity="1" crap="2" count="0"/>
        <line num="82" type="stmt" count="0"/>
        <line num="85" type="method" name="getProductionYear" visibility="public" complexity="1" crap="2" count="0"/>
        <line num="87" type="stmt" count="0"/>
        <line num="90" type="method" name="toDomain" visibility="public" complexity="1" crap="2" count="0"/>
        <line num="92" type="stmt" count="0"/>
        <line num="93" type="stmt" count="0"/>
        <line num="94" type="stmt" count="0"/>
        <line num="95" type="stmt" count="0"/>
        <line num="96" type="stmt" count="0"/>
        <line num="97" type="stmt" count="0"/>
        <line num="98" type="stmt" count="0"/>
        <line num="99" type="stmt" count="0"/>
        <line num="100" type="stmt" count="0"/>
[...]
      </file>
    </package>
    <package name="App\User\Domain\Model">
      <file name="/home/runner/work/my-lego-collection/my-lego-collection/back/src/User/Domain/Model/User.php">
        <class name="App\User\Domain\Model\User" namespace="App\User\Domain\Model">
          <metrics complexity="9" methods="9" coveredmethods="9" conditionals="9" coveredconditionals="9" statements="15" coveredstatements="15" elements="33" coveredelements="33"/>
        </class>
        <line num="28" type="method" name="__construct" visibility="public" complexity="1" crap="1" count="13"/>
        <line num="35" type="stmt" count="13"/>
        <line num="37" type="method" name="create" visibility="public" complexity="1" crap="1" count="3"/>
        <line num="44" type="stmt" count="3"/>
        <line num="45" type="stmt" count="3"/>
        <line num="46" type="stmt" count="3"/>
        <line num="49" type="method" name="getId" visibility="public" complexity="1" crap="1" count="9"/>
        <line num="51" type="stmt" count="9"/>
        <line num="54" type="method" name="getIdentityId" visibility="public" complexity="1" crap="1" count="9"/>
        <line num="56" type="stmt" count="9"/>
        <line num="59" type="method" name="getCreatedAt" visibility="public" complexity="1" crap="1" count="8"/>
        <line num="61" type="stmt" count="8"/>
        <line num="64" type="method" name="getUpdatedAt" visibility="public" complexity="1" crap="1" count="7"/>
        <line num="66" type="stmt" count="7"/>
        <line num="69" type="method" name="getAvatar" visibility="public" complexity="1" crap="1" count="9"/>
        <line num="71" type="stmt" count="9"/>
        <line num="74" type="method" name="setAvatar" visibility="public" complexity="1" crap="1" count="4"/>
        <line num="76" type="stmt" count="4"/>
        <line num="77" type="stmt" count="4"/>
        <line num="78" type="stmt" count="4"/>
        <line num="84" type="method" name="pullEvents" visibility="public" complexity="1" crap="1" count="5"/>
        <line num="86" type="stmt" count="5"/>
        <line num="87" type="stmt" count="5"/>
        <line num="88" type="stmt" count="5"/>
        <metrics loc="91" ncloc="78" classes="1" methods="9" coveredmethods="9" conditionals="9" coveredconditionals="9" statements="15" coveredstatements="15" elements="33" coveredelements="33"/>
      </file>
    </package>
    <file name="/home/runner/work/my-lego-collection/my-lego-collection/back/src/User/Domain/Repository/UserRepository.php">
      <metrics loc="16" ncloc="16" classes="0" methods="0" coveredmethods="0" conditionals="0" coveredconditionals="0" statements="0" coveredstatements="0" elements="0" coveredelements="0"/>
    </file>
    <package name="App\User\Domain\Service">
      <file name="/home/runner/work/my-lego-collection/my-lego-collection/back/src/User/Domain/Service/DefaultUserService.php">
        <class name="App\User\Domain\Service\DefaultUserService" namespace="App\User\Domain\Service">
          <metrics complexity="6" methods="5" coveredmethods="5" conditionals="5" coveredconditionals="5" statements="14" coveredstatements="14" elements="24" coveredelements="24"/>
        </class>
        <line num="16" type="method" name="__construct" visibility="public" complexity="1" crap="1" count="12"/>
        <line num="20" type="stmt" count="12"/>
        <line num="25" type="method" name="createUser" visibility="public" complexity="2" crap="2" count="5"/>
        <line num="27" type="stmt" count="5"/>
        <line num="28" type="stmt" count="5"/>
        <line num="29" type="stmt" count="5"/>
        <line num="30" type="stmt" count="2"/>
        <line num="32" type="stmt" count="3"/>
        <line num="33" type="stmt" count="3"/>
        <line num="35" type="stmt" count="3"/>
        <line num="36" type="stmt" count="5"/>
        <line num="39" type="method" name="getUserByIdentityId" visibility="public" complexity="1" crap="1" count="4"/>
        <line num="41" type="stmt" count="4"/>
        <line num="44" type="method" name="getUserById" visibility="public" complexity="1" crap="1" count="1"/>
        <line num="46" type="stmt" count="1"/>
        <line num="52" type="method" name="updateAvatar" visibility="public" complexity="1" crap="1" count="3"/>
        <line num="54" type="stmt" count="3"/>
        <line num="55" type="stmt" count="3"/>
        <line num="56" type="stmt" count="3"/>
        <metrics loc="59" ncloc="53" classes="1" methods="5" coveredmethods="5" conditionals="5" coveredconditionals="5" statements="14" coveredstatements="14" elements="24" coveredelements="24"/>
      </file>
    </package>
    <file name="/home/runner/work/my-lego-collection/my-lego-collection/back/src/User/Domain/Service/UserService.php">
      <metrics loc="19" ncloc="19" classes="0" methods="0" coveredmethods="0" conditionals="0" coveredconditionals="0" statements="0" coveredstatements="0" elements="0" coveredelements="0"/>
    </file>
    <package name="App\User\Infrastructure\Controller">
      <file name="/home/runner/work/my-lego-collection/my-lego-collection/back/src/User/Infrastructure/Controller/UserController.php">
        <class name="App\User\Infrastructure\Controller\UserController" namespace="App\User\Infrastructure\Controller">
          <metrics complexity="4" methods="3" coveredmethods="2" conditionals="5" coveredconditionals="4" statements="13" coveredstatements="12" elements="21" coveredelements="18"/>
        </class>
        <line num="26" type="method" name="__construct" visibility="public" complexity="1" crap="1" count="4"/>
        <line num="32" type="stmt" count="4"/>
        <line num="35" type="method" name="me" visibility="public" complexity="2" crap="2.50" count="3"/>
        <line num="39" type="stmt" count="3"/>
        <line num="41" type="stmt" count="3"/>
        <line num="42" type="stmt" count="0"/>
        <line num="44" type="stmt" count="3"/>
        <line num="45" type="stmt" count="3"/>
        <line num="46" type="stmt" count="3"/>
        <line num="47" type="stmt" count="3"/>
        <line num="48" type="stmt" count="3"/>
        <line num="49" type="stmt" count="3"/>
        <line num="52" type="method" name="avatar" visibility="public" complexity="1" crap="1" count="1"/>
        <line num="58" type="stmt" count="1"/>
        <line num="59" type="stmt" count="1"/>
        <line num="60" type="stmt" count="1"/>
        <metrics loc="63" ncloc="63" classes="1" methods="3" coveredmethods="2" conditionals="5" coveredconditionals="4" statements="13" coveredstatements="12" elements="21" coveredelements="18"/>
      </file>
    </package>
    <package name="App\User\Infrastructure\Dto">
      <file name="/home/runner/work/my-lego-collection/my-lego-collection/back/src/User/Infrastructure/Dto/UpdateAvatarRequest.php">
        <class name="App\User\Infrastructure\Dto\UpdateAvatarRequest" namespace="App\User\Infrastructure\Dto">
          <metrics complexity="3" methods="3" coveredmethods="3" conditionals="3" coveredconditionals="3" statements="4" coveredstatements="4" elements="10" coveredelements="10"/>
        </class>
        <line num="16" type="method" name="__construct" visibility="public" complexity="1" crap="1" count="1"/>
        <line num="20" type="stmt" count="1"/>
        <line num="21" type="stmt" count="1"/>
        <line num="24" type="method" name="getContents" visibility="public" complexity="1" crap="1" count="1"/>
        <line num="26" type="stmt" count="1"/>
        <line num="28" type="method" name="getFilename" visibility="public" complexity="1" crap="1" count="1"/>
        <line num="30" type="stmt" count="1"/>
        <metrics loc="33" ncloc="33" classes="1" methods="3" coveredmethods="3" conditionals="3" coveredconditionals="3" statements="4" coveredstatements="4" elements="10" coveredelements="10"/>
      </file>
      <file name="/home/runner/work/my-lego-collection/my-lego-collection/back/src/User/Infrastructure/Dto/UserDto.php">
        <class name="App\User\Infrastructure\Dto\UserDto" namespace="App\User\Infrastructure\Dto">
          <metrics complexity="4" methods="4" coveredmethods="4" conditionals="4" coveredconditionals="4" statements="4" coveredstatements="4" elements="12" coveredelements="12"/>
        </class>
        <line num="14" type="method" name="__construct" visibility="public" complexity="1" crap="1" count="3"/>
        <line num="21" type="stmt" count="3"/>
        <line num="23" type="method" name="getId" visibility="public" complexity="1" crap="1" count="3"/>
        <line num="25" type="stmt" count="3"/>
        <line num="28" type="method" name="getCreatedAt" visibility="public" complexity="1" crap="1" count="3"/>
        <line num="30" type="stmt" count="3"/>
        <line num="33" type="method" name="getAvatar" visibility="public" complexity="1" crap="1" count="3"/>
        <line num="35" type="stmt" count="3"/>
        <metrics loc="38" ncloc="37" classes="1" methods="4" coveredmethods="4" conditionals="4" coveredconditionals="4" statements="4" coveredstatements="4" elements="12" coveredelements="12"/>
      </file>
    </package>
    <package name="App\User\Infrastructure\EventHandler">
      <file name="/home/runner/work/my-lego-collection/my-lego-collection/back/src/User/Infrastructure/EventHandler/CreateUserCommandHandler.php">
        <class name="App\User\Infrastructure\EventHandler\CreateUserCommandHandler" namespace="App\User\Infrastructure\EventHandler">
          <metrics complexity="3" methods="3" coveredmethods="3" conditionals="3" coveredconditionals="3" statements="3" coveredstatements="3" elements="9" coveredelements="9"/>
        </class>
        <line num="18" type="method" name="__construct" visibility="public" complexity="1" crap="1" count="5"/>
        <line num="20" type="stmt" count="5"/>
        <line num="22" type="method" name="getMessageHandled" visibility="public" complexity="1" crap="1" count="3"/>
        <line num="24" type="stmt" count="3"/>
        <line num="27" type="method" name="__invoke" visibility="public" complexity="1" crap="1" count="5"/>
        <line num="29" type="stmt" count="5"/>
        <metrics loc="32" ncloc="28" classes="1" methods="3" coveredmethods="3" conditionals="3" coveredconditionals="3" statements="3" coveredstatements="3" elements="9" coveredelements="9"/>
      </file>
      <file name="/home/runner/work/my-lego-collection/my-lego-collection/back/src/User/Infrastructure/EventHandler/UserCreatedEventHandler.php">
        <class name="App\User\Infrastructure\EventHandler\UserCreatedEventHandler" namespace="App\User\Infrastructure\EventHandler">
          <metrics complexity="3" methods="3" coveredmethods="3" conditionals="3" coveredconditionals="2" statements="3" coveredstatements="3" elements="9" coveredelements="8"/>
        </class>
        <line num="18" type="method" name="__construct" visibility="public" complexity="1" crap="1" count="3"/>
        <line num="20" type="stmt" count="3"/>
        <line num="23" type="method" name="getMessageHandled" visibility="public" complexity="1" crap="1" count="2"/>
        <line num="25" type="stmt" count="2"/>
        <line num="28" type="method" name="__invoke" visibility="public" complexity="1" crap="1" count="3"/>
        <line num="30" type="stmt" count="3"/>
        <metrics loc="33" ncloc="29" classes="1" methods="3" coveredmethods="3" conditionals="3" coveredconditionals="2" statements="3" coveredstatements="3" elements="9" coveredelements="8"/>
      </file>
    </package>
    <package name="App\User\Infrastructure\EventSubscriber">
      <file name="/home/runner/work/my-lego-collection/my-lego-collection/back/src/User/Infrastructure/EventSubscriber/UserRateLimitSubscriber.php">
        <class name="App\User\Infrastructure\EventSubscriber\UserRateLimitSubscriber" namespace="App\User\Infrastructure\EventSubscriber">
          <metrics complexity="11" methods="6" coveredmethods="5" conditionals="19" coveredconditionals="18" statements="23" coveredstatements="23" elements="48" coveredelements="46"/>
        </class>
        <line num="27" type="method" name="__construct" visibility="public" complexity="1" crap="1" count="31"/>
        <line num="32" type="stmt" count="31"/>
        <line num="34" type="method" name="isMainRequest" visibility="public" complexity="1" crap="1" count="27"/>
        <line num="36" type="stmt" count="27"/>
        <line num="39" type="method" name="routeShouldBeLimited" visibility="public" complexity="2" crap="2.15" count="24"/>
        <line num="41" type="stmt" count="24"/>
        <line num="42" type="stmt" count="24"/>
        <line num="43" type="stmt" count="24"/>
        <line num="44" type="stmt" count="24"/>
        <line num="45" type="stmt" count="24"/>
        <line num="48" type="method" name="limitShouldBeApplied" visibility="public" complexity="2" crap="2" count="25"/>
        <line num="50" type="stmt" count="25"/>
        <line num="53" type="method" name="onKernelController" visibility="public" complexity="4" crap="4" count="17"/>
        <line num="55" type="stmt" count="17"/>
        <line num="56" type="stmt" count="11"/>
        <line num="59" type="stmt" count="8"/>
        <line num="60" type="stmt" count="8"/>
        <line num="62" type="stmt" count="8"/>
        <line num="63" type="stmt" count="8"/>
        <line num="65" type="stmt" count="8"/>
        <line num="66" type="stmt" count="5"/>
        <line num="67" type="stmt" count="5"/>
        <line num="69" type="stmt" count="8"/>
        <line num="70" type="stmt" count="8"/>
        <line num="71" type="stmt" count="2"/>
        <line num="75" type="method" name="getSubscribedEvents" visibility="public" complexity="1" crap="1" count="1"/>
        <line num="77" type="stmt" count="1"/>
        <line num="78" type="stmt" count="1"/>
        <line num="79" type="stmt" count="1"/>
        <metrics loc="82" ncloc="71" classes="1" methods="6" coveredmethods="5" conditionals="19" coveredconditionals="18" statements="23" coveredstatements="23" elements="48" coveredelements="46"/>
      </file>
    </package>
    <package name="App\User\Infrastructure\Messenger">
      <file name="/home/runner/work/my-lego-collection/my-lego-collection/back/src/User/Infrastructure/Messenger/UserEventBus.php">
        <class name="App\User\Infrastructure\Messenger\UserEventBus" namespace="App\User\Infrastructure\Messenger">
          <metrics complexity="2" methods="2" coveredmethods="2" conditionals="2" coveredconditionals="2" statements="2" coveredstatements="2" elements="6" coveredelements="6"/>
        </class>
        <line num="15" type="method" name="__construct" visibility="public" complexity="1" crap="1" count="14"/>
        <line num="17" type="stmt" count="14"/>
        <line num="19" type="method" name="dispatch" visibility="public" complexity="1" crap="1" count="4"/>
        <line num="21" type="stmt" count="4"/>
        <metrics loc="24" ncloc="20" classes="1" methods="2" coveredmethods="2" conditionals="2" coveredconditionals="2" statements="2" coveredstatements="2" elements="6" coveredelements="6"/>
      </file>
    </package>
    <package name="App\User\Infrastructure\Persistence\Doctrine\Entity">
      <file name="/home/runner/work/my-lego-collection/my-lego-collection/back/src/User/Infrastructure/Persistence/Doctrine/Entity/DoctrineUser.php">
        <class name="App\User\Infrastructure\Persistence\Doctrine\Entity\DoctrineUser" namespace="App\User\Infrastructure\Persistence\Doctrine\Entity">
          <metrics complexity="14" methods="8" coveredmethods="2" conditionals="20" coveredconditionals="13" statements="24" coveredstatements="17" elements="52" coveredelements="32"/>
        </class>
        <line num="35" type="method" name="__construct" visibility="public" complexity="1" crap="1" count="2"/>
        <line num="37" type="stmt" count="2"/>
        <line num="39" type="method" name="getId" visibility="public" complexity="1" crap="2" count="0"/>
        <line num="41" type="stmt" count="0"/>
        <line num="44" type="method" name="getIdentityId" visibility="public" complexity="1" crap="2" count="0"/>
        <line num="46" type="stmt" count="0"/>
        <line num="49" type="method" name="getCreatedAt" visibility="public" complexity="1" crap="2" count="0"/>
        <line num="51" type="stmt" count="0"/>
        <line num="54" type="method" name="getUpdatedAt" visibility="public" complexity="1" crap="2" count="0"/>
        <line num="56" type="stmt" count="0"/>
        <line num="59" type="method" name="getAvatar" visibility="public" complexity="1" crap="2" count="0"/>
        <line num="61" type="stmt" count="0"/>
        <line num="64" type="method" name="toDomain" visibility="public" complexity="1" crap="1" count="5"/>
        <line num="66" type="stmt" count="5"/>
        <line num="67" type="stmt" count="5"/>
        <line num="68" type="stmt" count="5"/>
        <line num="69" type="stmt" count="5"/>
        <line num="70" type="stmt" count="5"/>
        <line num="71" type="stmt" count="5"/>
        <line num="72" type="stmt" count="5"/>
        <line num="75" type="method" name="fromDomain" visibility="public" complexity="7" crap="46.84" count="3"/>
        <line num="77" type="stmt" count="3"/>
        <line num="78" type="stmt" count="3"/>
        <line num="79" type="stmt" count="0"/>
        <line num="82" type="stmt" count="3"/>
        <line num="83" type="stmt" count="0"/>
        <line num="86" type="stmt" count="3"/>
        <line num="87" type="stmt" count="3"/>
        <line num="88" type="stmt" count="3"/>
        <line num="89" type="stmt" count="3"/>
        <line num="90" type="stmt" count="3"/>
        <line num="91" type="stmt" count="3"/>
        <metrics loc="94" ncloc="91" classes="1" methods="8" coveredmethods="2" conditionals="20" coveredconditionals="13" statements="24" coveredstatements="17" elements="52" coveredelements="32"/>
      </file>
    </package>
    <package name="App\User\Infrastructure\Persistence\Doctrine\Repository">
      <file name="/home/runner/work/my-lego-collection/my-lego-collection/back/src/User/Infrastructure/Persistence/Doctrine/Repository/DoctrineUserRepository.php">
        <class name="App\User\Infrastructure\Persistence\Doctrine\Repository\DoctrineUserRepository" namespace="App\User\Infrastructure\Persistence\Doctrine\Repository">
          <metrics complexity="5" methods="4" coveredmethods="3" conditionals="7" coveredconditionals="6" statements="8" coveredstatements="6" elements="19" coveredelements="15"/>
        </class>
        <line num="21" type="method" name="__construct" visibility="public" complexity="1" crap="1" count="8"/>
        <line num="23" type="stmt" count="8"/>
        <line num="26" type="method" name="findById" visibility="public" complexity="1" crap="2" count="0"/>
        <line num="28" type="stmt" count="0"/>
        <line num="29" type="stmt" count="0"/>
        <line num="32" type="method" name="save" visibility="public" complexity="2" crap="2" count="3"/>
        <line num="34" type="stmt" count="3"/>
        <line num="35" type="stmt" count="3"/>
        <line num="36" type="stmt" count="3"/>
        <line num="39" type="method" name="findByIdentityId" visibility="public" complexity="1" crap="1" count="6"/>
        <line num="41" type="stmt" count="6"/>
        <line num="42" type="stmt" count="6"/>
        <metrics loc="45" ncloc="41" classes="1" methods="4" coveredmethods="3" conditionals="7" coveredconditionals="6" statements="8" coveredstatements="6" elements="19" coveredelements="15"/>
      </file>
    </package>
    <metrics files="145" loc="5676" ncloc="4890" classes="111" methods="388" coveredmethods="287" conditionals="652" coveredconditionals="541" statements="1028" coveredstatements="825" elements="2068" coveredelements="1653"/>
  </project>
</coverage>
